Traceback (most recent call last):
  File "c:\Users\Leopold\My Programs\Watch\installer.py", line 292, in try_install
    self.install()
  File "c:\Users\Leopold\My Programs\Watch\installer.py", line 362, in install
    raise RuntimeError
RuntimeError

Installation directory:
C:\Program Files\Tangente Neomatik

Options:
  -desktop: True
  -auto start: True
  -start menu: True
==================================================

Traceback (most recent call last):
  File "c:\Users\Leopold\My Programs\Watch\installer.py", line 292, in try_install
    self.install()
  File "c:\Users\Leopold\My Programs\Watch\installer.py", line 362, in install
    raise RuntimeError
RuntimeError

Installation directory:
C:\Program Files\Tangente Neomatik

Options:
  -desktop: True
  -auto start: True
  -start menu: True
==================================================

Traceback (most recent call last):
  File "c:\Users\Leopold\My Programs\Watch\installer.py", line 292, in try_install
    self.install()
  File "c:\Users\Leopold\My Programs\Watch\installer.py", line 362, in install
    raise RuntimeError
RuntimeError

Installation directory:
C:\Program Files\Tangente Neomatik

Options:
  -desktop: True
  -auto start: True
  -start menu: True
==================================================

Traceback (most recent call last):
  File "c:\Users\Leopold\My Programs\Watch\installer.py", line 292, in try_install
    self.install()
  File "c:\Users\Leopold\My Programs\Watch\installer.py", line 362, in install
    raise RuntimeError
RuntimeError

Installation directory:
C:\Program Files\Tangente Neomatik

Options:
  -desktop: True
  -auto start: True
  -start menu: True
==================================================

Traceback (most recent call last):
  File "c:\Users\Leopold\My Programs\Watch\installer.py", line 292, in try_install
    self.install()
  File "c:\Users\Leopold\My Programs\Watch\installer.py", line 362, in install
    raise RuntimeError
RuntimeError

Installation directory:
C:\Program Files\Tangente Neomatik

Options:
  -desktop: True
  -auto start: True
  -start menu: True
==================================================

Traceback (most recent call last):
  File "c:\Users\Leopold\My Programs\Watch\installer.py", line 293, in try_install
    self.install()
  File "c:\Users\Leopold\My Programs\Watch\installer.py", line 363, in install
    raise RuntimeError
RuntimeError

Installation directory:
C:\Program Files\Tangente Neomatik

Options:
  -desktop: True
  -auto start: True
  -start menu: True
==================================================

Traceback (most recent call last):
  File "c:\Users\Leopold\My Programs\Watch\installer.py", line 293, in try_install
    self.install()
  File "c:\Users\Leopold\My Programs\Watch\installer.py", line 363, in install
    raise RuntimeError
RuntimeError

Installation directory:
C:\Program Files\Tangente Neomatik

Options:
  -desktop: True
  -auto start: True
  -start menu: True
==================================================

Traceback (most recent call last):
  File "c:\Users\Leopold\My Programs\Watch\installer.py", line 293, in try_install
    self.install()
  File "c:\Users\Leopold\My Programs\Watch\installer.py", line 363, in install
    raise RuntimeError
RuntimeError

Installation directory:
C:\Program Files\Tangente Neomatik

Options:
  -desktop: True
  -auto start: True
  -start menu: True
==================================================

Traceback (most recent call last):
  File "c:\Users\Leopold\My Programs\Watch\installer.py", line 293, in try_install
    self.install()
  File "c:\Users\Leopold\My Programs\Watch\installer.py", line 363, in install
    raise RuntimeError
RuntimeError

Installation directory:
C:\Program Files\Tangente Neomatik

Options:
  -desktop: True
  -auto start: True
  -start menu: True
==================================================

Traceback (most recent call last):
  File "c:\Users\Leopold\My Programs\Watch\installer.py", line 293, in try_install
    self.install()
  File "c:\Users\Leopold\My Programs\Watch\installer.py", line 363, in install
    raise RuntimeError
RuntimeError

Installation directory:
C:\Program Files\Tangente Neomatik

Options:
  -desktop: True
  -auto start: True
  -start menu: True
==================================================

Traceback (most recent call last):
  File "c:\Users\Leopold\My Programs\Watch\installer.py", line 295, in try_install
    self.install()
  File "c:\Users\Leopold\My Programs\Watch\installer.py", line 365, in install
    raise RuntimeError
RuntimeError

Installation directory:
C:\Program Files\Tangente Neomatik

Options:
  -desktop: True
  -auto start: True
  -start menu: True
==================================================

Traceback (most recent call last):
  File "c:\Users\Leopold\My Programs\Watch\installer.py", line 295, in try_install
    self.install()
  File "c:\Users\Leopold\My Programs\Watch\installer.py", line 365, in install
    raise RuntimeError
RuntimeError

Installation directory:
C:\Program Files\Tangente Neomatik

Options:
  -desktop: True
  -auto start: True
  -start menu: True
==================================================

Traceback (most recent call last):
  File "c:\Users\Leopold\My Programs\Watch\installer.py", line 299, in try_install
    self.install()
  File "c:\Users\Leopold\My Programs\Watch\installer.py", line 369, in install
    raise RuntimeError
RuntimeError

Installation directory:
C:\Program Files\Tangente Neomatik

Options:
  -desktop: True
  -auto start: True
  -start menu: True
==================================================

Traceback (most recent call last):
  File "c:\Users\Leopold\My Programs\Watch\installer.py", line 299, in try_install
    self.install()
  File "c:\Users\Leopold\My Programs\Watch\installer.py", line 369, in install
    raise RuntimeError
RuntimeError

Installation directory:
C:\Program Files\Tangente Neomatik

Options:
  -desktop: True
  -auto start: True
  -start menu: True
==================================================

Traceback (most recent call last):
  File "c:\Users\Leopold\My Programs\Watch\installer.py", line 303, in try_install
    self.install()
  File "c:\Users\Leopold\My Programs\Watch\installer.py", line 373, in install
    raise RuntimeError
RuntimeError

Installation directory:
C:\Program Files\Tangente Neomatik

Options:
  -desktop: True
  -auto start: True
  -start menu: True
==================================================

Traceback (most recent call last):
  File "c:\Users\Leopold\My Programs\Watch\installer.py", line 304, in try_install
    self.install()
  File "c:\Users\Leopold\My Programs\Watch\installer.py", line 379, in install
    raise RuntimeError
RuntimeError

Installation directory:
C:\Program Files\Tangente Neomatik

Options:
  -desktop: True
  -auto start: True
  -start menu: True
==================================================

Traceback (most recent call last):
  File "c:\Users\Leopold\My Programs\Watch\installer.py", line 302, in try_install
    self.install()
  File "c:\Users\Leopold\My Programs\Watch\installer.py", line 382, in install
    raise RuntimeError
RuntimeError

Installation directory:
C:\Program Files\Tangente Neomatik

Options:
  -desktop: True
  -auto start: True
  -start menu: True
==================================================

Traceback (most recent call last):
  File "c:\Users\Leopold\My Programs\Watch\installer.py", line 302, in try_install
    self.install()
  File "c:\Users\Leopold\My Programs\Watch\installer.py", line 392, in install
    raise RuntimeError
RuntimeError

Installation directory:
C:\Program Files\Tangente Neomatik

Options:
  -desktop: True
  -auto start: True
  -start menu: True
==================================================

Traceback (most recent call last):
  File "c:\Users\Leopold\My Programs\Watch\installer.py", line 302, in try_install
    self.install()
  File "c:\Users\Leopold\My Programs\Watch\installer.py", line 392, in install
    raise RuntimeError
RuntimeError

Traceback (most recent call last):
  File "c:\Users\Leopold\My Programs\Watch\installer.py", line 302, in try_install
    self.install()
  File "c:\Users\Leopold\My Programs\Watch\installer.py", line 392, in install
    raise RuntimeError
RuntimeError

Installation directory:
C:\Program Files\Tangente Neomatik

Options:
  -desktop: True
  -auto start: True
  -start menu: True
==================================================

Installation directory:
C:\Program Files\Tangente Neomatik

Options:
  -desktop: True
  -auto start: True
  -start menu: True
==================================================

Traceback (most recent call last):
  File "c:\Users\Leopold\My Programs\Watch\installer.py", line 302, in try_install
    self.install()
  File "c:\Users\Leopold\My Programs\Watch\installer.py", line 392, in install
    raise RuntimeError
RuntimeError

Traceback (most recent call last):
  File "c:\Users\Leopold\My Programs\Watch\installer.py", line 302, in try_install
    self.install()
  File "c:\Users\Leopold\My Programs\Watch\installer.py", line 392, in install
    raise RuntimeError
RuntimeError

Traceback (most recent call last):
  File "c:\Users\Leopold\My Programs\Watch\installer.py", line 302, in try_install
    self.install()
  File "c:\Users\Leopold\My Programs\Watch\installer.py", line 392, in install
    raise RuntimeError
RuntimeError

Installation directory:
C:\Program Files\Tangente Neomatik

Options:
  -desktop: True
  -auto start: True
  -start menu: True
==================================================

Installation directory:
C:\Program Files\Tangente Neomatik

Options:
  -desktop: True
  -auto start: True
  -start menu: True
==================================================

Installation directory:
C:\Program Files\Tangente Neomatik

Options:
  -desktop: True
  -auto start: True
  -start menu: True
==================================================

Traceback (most recent call last):
  File "c:\Users\Leopold\My Programs\Watch\installer.py", line 302, in try_install
    self.install()
  File "c:\Users\Leopold\My Programs\Watch\installer.py", line 392, in install
    raise RuntimeError
RuntimeError

Traceback (most recent call last):
  File "c:\Users\Leopold\My Programs\Watch\installer.py", line 302, in try_install
    self.install()
  File "c:\Users\Leopold\My Programs\Watch\installer.py", line 392, in install
    raise RuntimeError
RuntimeError

Traceback (most recent call last):
  File "c:\Users\Leopold\My Programs\Watch\installer.py", line 302, in try_install
    self.install()
  File "c:\Users\Leopold\My Programs\Watch\installer.py", line 392, in install
    raise RuntimeError
RuntimeError

Traceback (most recent call last):
  File "c:\Users\Leopold\My Programs\Watch\installer.py", line 302, in try_install
    self.install()
  File "c:\Users\Leopold\My Programs\Watch\installer.py", line 392, in install
    raise RuntimeError
RuntimeError

Installation directory:
C:\Program Files\Tangente Neomatik

Options:
  -desktop: True
  -auto start: True
  -start menu: True
==================================================

Installation directory:
C:\Program Files\Tangente Neomatik

Options:
  -desktop: True
  -auto start: True
  -start menu: True
==================================================

Installation directory:
C:\Program Files\Tangente Neomatik

Options:
  -desktop: True
  -auto start: True
  -start menu: True
==================================================

Installation directory:
C:\Program Files\Tangente Neomatik

Options:
  -desktop: True
  -auto start: True
  -start menu: True
==================================================

